<?xml version="1.0" encoding="UTF-8"?>
<robot generator="Robot 3.2.2 (Python 3.9.1 on win32)" generated="20201217 15:34:19.707" rpa="false">
<suite id="s1" name="AMS" source="C:\Users\225027\PycharmProjects\pythonProject\TestCases\AMS.robot">
<test id="s1-t1" name="ArticleManagementSystem">
<kw name="Open Browser" library="SeleniumLibrary">
<doc>Opens a new browser instance to the optional ``url``.</doc>
<arguments>
<arg>${url1}</arg>
<arg>${browser}</arg>
</arguments>
<msg timestamp="20201217 15:34:19.905" level="INFO">Opening browser 'chrome' to base url 'https://ams.jdg.co.za/SignIn.aspx?'.</msg>
<status status="PASS" starttime="20201217 15:34:19.905" endtime="20201217 15:34:23.402"></status>
</kw>
<kw name="Maximize Browser Window" library="SeleniumLibrary">
<doc>Maximizes current browser window.</doc>
<status status="PASS" starttime="20201217 15:34:23.402" endtime="20201217 15:34:25.525"></status>
</kw>
<kw name="Input Text" library="SeleniumLibrary">
<doc>Types the given ``text`` into the text field identified by ``locator``.</doc>
<arguments>
<arg>id:ContentPlaceHolder1_txtsAmaccountnumber</arg>
<arg>209629</arg>
</arguments>
<msg timestamp="20201217 15:34:25.525" level="INFO">Typing text '209629' into text field 'id:ContentPlaceHolder1_txtsAmaccountnumber'.</msg>
<status status="PASS" starttime="20201217 15:34:25.525" endtime="20201217 15:34:25.650"></status>
</kw>
<kw name="Input Text" library="SeleniumLibrary">
<doc>Types the given ``text`` into the text field identified by ``locator``.</doc>
<arguments>
<arg>id:ContentPlaceHolder1_pwdPassword</arg>
<arg>`159753*</arg>
</arguments>
<msg timestamp="20201217 15:34:25.650" level="INFO">Typing text '`159753*' into text field 'id:ContentPlaceHolder1_pwdPassword'.</msg>
<status status="PASS" starttime="20201217 15:34:25.650" endtime="20201217 15:34:25.736"></status>
</kw>
<kw name="Click Element" library="SeleniumLibrary">
<doc>Click the element identified by ``locator``.</doc>
<arguments>
<arg>id:ContentPlaceHolder1_btnSignIn</arg>
</arguments>
<msg timestamp="20201217 15:34:25.736" level="INFO">Clicking element 'id:ContentPlaceHolder1_btnSignIn'.</msg>
<status status="PASS" starttime="20201217 15:34:25.736" endtime="20201217 15:34:30.733"></status>
</kw>
<kw name="Title Should Be" library="SeleniumLibrary">
<doc>Verifies that the current page title equals ``title``.</doc>
<arguments>
<arg>Article Management System</arg>
</arguments>
<msg timestamp="20201217 15:34:30.740" level="INFO">Page title is 'Article Management System'.</msg>
<status status="PASS" starttime="20201217 15:34:30.734" endtime="20201217 15:34:30.740"></status>
</kw>
<status status="PASS" starttime="20201217 15:34:19.905" endtime="20201217 15:34:30.740" critical="yes"></status>
</test>
<test id="s1-t2" name="PriceTicket">
<kw name="Click Element" library="SeleniumLibrary">
<doc>Click the element identified by ``locator``.</doc>
<arguments>
<arg>id:ContentPlaceHolder1_lbtnPT</arg>
</arguments>
<msg timestamp="20201217 15:34:30.741" level="INFO">Clicking element 'id:ContentPlaceHolder1_lbtnPT'.</msg>
<status status="PASS" starttime="20201217 15:34:30.741" endtime="20201217 15:34:30.901"></status>
</kw>
<kw name="Element Text Should Be" library="SeleniumLibrary">
<doc>Verifies that element ``locator`` contains exact the text ``expected``.</doc>
<arguments>
<arg>xpath://a[normalize-space()='Price Ticket Generator']</arg>
<arg>Price Ticket Generator</arg>
</arguments>
<msg timestamp="20201217 15:34:30.902" level="INFO">Verifying element 'xpath://a[normalize-space()='Price Ticket Generator']' contains exact text 'Price Ticket Generator'.</msg>
<status status="PASS" starttime="20201217 15:34:30.902" endtime="20201217 15:34:31.052"></status>
</kw>
<kw name="Get Text" library="SeleniumLibrary">
<doc>Returns the text value of the element identified by ``locator``.</doc>
<arguments>
<arg>xpath://a[normalize-space()='Price Ticket Generator']</arg>
</arguments>
<status status="PASS" starttime="20201217 15:34:31.052" endtime="20201217 15:34:31.068"></status>
</kw>
<kw name="Log To Console" library="BuiltIn">
<doc>Logs the given message to the console.</doc>
<arguments>
<arg>xpath://a[normalize-space()='Price Ticket Generator']</arg>
</arguments>
<status status="PASS" starttime="20201217 15:34:31.069" endtime="20201217 15:34:31.070"></status>
</kw>
<kw name="Select From List By Value" library="SeleniumLibrary">
<doc>Selects options from selection list ``locator`` by ``values``.</doc>
<arguments>
<arg>ddlCluster</arg>
<arg>Hi-Fi Corp</arg>
</arguments>
<msg timestamp="20201217 15:34:31.070" level="INFO">Selecting options from selection list 'ddlCluster' by value Hi-Fi Corp.</msg>
<status status="PASS" starttime="20201217 15:34:31.070" endtime="20201217 15:34:31.128"></status>
</kw>
<kw name="Sleep" library="BuiltIn">
<doc>Pauses the test executed for the given time.</doc>
<arguments>
<arg>3sec</arg>
</arguments>
<msg timestamp="20201217 15:34:34.139" level="INFO">Slept 3 seconds</msg>
<status status="PASS" starttime="20201217 15:34:31.128" endtime="20201217 15:34:34.139"></status>
</kw>
<kw name="Select From List By Label" library="SeleniumLibrary">
<doc>Selects options from selection list ``locator`` by ``labels``.</doc>
<arguments>
<arg>ddlSection</arg>
<arg>South Africa</arg>
</arguments>
<msg timestamp="20201217 15:34:34.139" level="INFO">Selecting options from selection list 'ddlSection' by label South Africa.</msg>
<status status="PASS" starttime="20201217 15:34:34.139" endtime="20201217 15:34:34.223"></status>
</kw>
<kw name="Sleep" library="BuiltIn">
<doc>Pauses the test executed for the given time.</doc>
<arguments>
<arg>3sec</arg>
</arguments>
<msg timestamp="20201217 15:34:37.225" level="INFO">Slept 3 seconds</msg>
<status status="PASS" starttime="20201217 15:34:34.223" endtime="20201217 15:34:37.225"></status>
</kw>
<kw name="Select From List By Label" library="SeleniumLibrary">
<doc>Selects options from selection list ``locator`` by ``labels``.</doc>
<arguments>
<arg>ddlPriceTicketType</arg>
<arg>Everyday 1</arg>
</arguments>
<msg timestamp="20201217 15:34:37.225" level="INFO">Selecting options from selection list 'ddlPriceTicketType' by label Everyday 1.</msg>
<status status="PASS" starttime="20201217 15:34:37.225" endtime="20201217 15:34:37.301"></status>
</kw>
<kw name="Sleep" library="BuiltIn">
<doc>Pauses the test executed for the given time.</doc>
<arguments>
<arg>3sec</arg>
</arguments>
<msg timestamp="20201217 15:34:40.313" level="INFO">Slept 3 seconds</msg>
<status status="PASS" starttime="20201217 15:34:37.301" endtime="20201217 15:34:40.313"></status>
</kw>
<kw name="Select Checkbox" library="SeleniumLibrary">
<doc>Selects the checkbox identified by ``locator``.</doc>
<arguments>
<arg>id:ContentPlaceHolder1_cbxIsPromo</arg>
</arguments>
<msg timestamp="20201217 15:34:40.313" level="INFO">Selecting checkbox 'id:ContentPlaceHolder1_cbxIsPromo'.</msg>
<status status="PASS" starttime="20201217 15:34:40.313" endtime="20201217 15:34:40.409"></status>
</kw>
<kw name="Sleep" library="BuiltIn">
<doc>Pauses the test executed for the given time.</doc>
<arguments>
<arg>3sec</arg>
</arguments>
<msg timestamp="20201217 15:34:43.416" level="INFO">Slept 3 seconds</msg>
<status status="PASS" starttime="20201217 15:34:40.409" endtime="20201217 15:34:43.416"></status>
</kw>
<kw name="Input Text" library="SeleniumLibrary">
<doc>Types the given ``text`` into the text field identified by ``locator``.</doc>
<arguments>
<arg>id:txtArticleNumber</arg>
<arg>10068992</arg>
</arguments>
<msg timestamp="20201217 15:34:43.416" level="INFO">Typing text '10068992' into text field 'id:txtArticleNumber'.</msg>
<status status="PASS" starttime="20201217 15:34:43.416" endtime="20201217 15:34:43.534"></status>
</kw>
<kw name="Click Button" library="SeleniumLibrary">
<doc>Clicks the button identified by ``locator``.</doc>
<arguments>
<arg>id:btnSearch</arg>
</arguments>
<msg timestamp="20201217 15:34:43.534" level="INFO">Clicking button 'id:btnSearch'.</msg>
<status status="PASS" starttime="20201217 15:34:43.534" endtime="20201217 15:34:43.601"></status>
</kw>
<kw name="Sleep" library="BuiltIn">
<doc>Pauses the test executed for the given time.</doc>
<arguments>
<arg>3sec</arg>
</arguments>
<msg timestamp="20201217 15:34:46.618" level="INFO">Slept 3 seconds</msg>
<status status="PASS" starttime="20201217 15:34:43.601" endtime="20201217 15:34:46.618"></status>
</kw>
<kw name="Click Button" library="SeleniumLibrary">
<doc>Clicks the button identified by ``locator``.</doc>
<arguments>
<arg>id:ContentPlaceHolder1_grdResults_btnAdd_0</arg>
</arguments>
<msg timestamp="20201217 15:34:46.618" level="INFO">Clicking button 'id:ContentPlaceHolder1_grdResults_btnAdd_0'.</msg>
<status status="PASS" starttime="20201217 15:34:46.618" endtime="20201217 15:34:46.686"></status>
</kw>
<kw name="Sleep" library="BuiltIn">
<doc>Pauses the test executed for the given time.</doc>
<arguments>
<arg>3sec</arg>
</arguments>
<msg timestamp="20201217 15:34:49.699" level="INFO">Slept 3 seconds</msg>
<status status="PASS" starttime="20201217 15:34:46.686" endtime="20201217 15:34:49.699"></status>
</kw>
<kw name="Element Should Be Visible" library="SeleniumLibrary">
<doc>Verifies that the element identified by ``locator`` is visible.</doc>
<arguments>
<arg>xpath://table[@id='ContentPlaceHolder1_grdSelectedItems']//td[2]</arg>
</arguments>
<msg timestamp="20201217 15:34:49.720" level="INFO">Element 'xpath://table[@id='ContentPlaceHolder1_grdSelectedItems']//td[2]' is displayed.</msg>
<status status="PASS" starttime="20201217 15:34:49.699" endtime="20201217 15:34:49.720"></status>
</kw>
<kw name="Log To Console" library="BuiltIn">
<doc>Logs the given message to the console.</doc>
<arguments>
<arg>xpath://table[@id='ContentPlaceHolder1_grdSelectedItems']//td[2]</arg>
</arguments>
<status status="PASS" starttime="20201217 15:34:49.720" endtime="20201217 15:34:49.720"></status>
</kw>
<kw name="Close All Browsers" library="SeleniumLibrary">
<doc>Closes all open browsers and resets the browser cache.</doc>
<status status="PASS" starttime="20201217 15:34:49.720" endtime="20201217 15:34:51.838"></status>
</kw>
<status status="PASS" starttime="20201217 15:34:30.740" endtime="20201217 15:34:51.838" critical="yes"></status>
</test>
<status status="PASS" starttime="20201217 15:34:19.707" endtime="20201217 15:34:51.838"></status>
</suite>
<statistics>
<total>
<stat pass="2" fail="0">Critical Tests</stat>
<stat pass="2" fail="0">All Tests</stat>
</total>
<tag>
</tag>
<suite>
<stat pass="2" fail="0" id="s1" name="AMS">AMS</stat>
</suite>
</statistics>
<errors>
</errors>
</robot>
