<?xml version="1.0" encoding="UTF-8"?>
<robot generator="Robot 3.2.2 (Python 3.9.1 on win32)" generated="20201224 09:31:04.074" rpa="false">
<suite id="s1" name="TC2" source="C:\Users\225027\PycharmProjects\pythonProject\TestCases\TC2.robot">
<test id="s1-t1" name="ArticleManagementSystem">
<kw name="Open Browser" library="SeleniumLibrary">
<doc>Opens a new browser instance to the optional ``url``.</doc>
<arguments>
<arg>${url1}</arg>
<arg>${browser}</arg>
</arguments>
<msg timestamp="20201224 09:31:04.483" level="INFO">Opening browser 'edge' to base url 'https://ams.jdg.co.za/SignIn.aspx?'.</msg>
<kw name="Capture Page Screenshot" library="SeleniumLibrary">
<doc>Takes a screenshot of the current page and embeds it into a log file.</doc>
<msg timestamp="20201224 09:31:04.485" level="INFO">Cannot capture screenshot because no browser is open.</msg>
<status status="PASS" starttime="20201224 09:31:04.485" endtime="20201224 09:31:04.485"></status>
</kw>
<msg timestamp="20201224 09:31:04.486" level="FAIL">WebDriverException: Message: 'MicrosoftWebDriver.exe' executable needs to be in PATH. Please download from http://go.microsoft.com/fwlink/?LinkId=619687
</msg>
<status status="FAIL" starttime="20201224 09:31:04.483" endtime="20201224 09:31:04.487"></status>
</kw>
<status status="FAIL" starttime="20201224 09:31:04.482" endtime="20201224 09:31:04.487" critical="yes">WebDriverException: Message: 'MicrosoftWebDriver.exe' executable needs to be in PATH. Please download from http://go.microsoft.com/fwlink/?LinkId=619687
</status>
</test>
<status status="FAIL" starttime="20201224 09:31:04.075" endtime="20201224 09:31:04.489"></status>
</suite>
<statistics>
<total>
<stat pass="0" fail="1">Critical Tests</stat>
<stat pass="0" fail="1">All Tests</stat>
</total>
<tag>
</tag>
<suite>
<stat pass="0" fail="1" id="s1" name="TC2">TC2</stat>
</suite>
</statistics>
<errors>
</errors>
</robot>
