<?xml version="1.0" encoding="UTF-8"?>
<robot generator="Robot 3.2.2 (Python 3.9.0 on win32)" generated="20201217 08:25:49.603" rpa="false">
<suite id="s1" name="Suites">
<suite id="s1-s1" name="SAP" source="C:\Users\225027\PycharmProjects\pythonProject\TestCases\SAP.robot">
<test id="s1-s1-t1">
<status status="FAIL" starttime="20201217 08:25:49.739" endtime="20201217 08:25:49.739" critical="yes">Test case name cannot be empty.</status>
</test>
<status status="FAIL" starttime="20201217 08:25:49.618" endtime="20201217 08:25:49.739"></status>
</suite>
<status status="FAIL" starttime="20201217 08:25:49.603" endtime="20201217 08:25:49.739"></status>
</suite>
<statistics>
<total>
<stat pass="0" fail="1">Critical Tests</stat>
<stat pass="0" fail="1">All Tests</stat>
</total>
<tag>
</tag>
<suite>
<stat pass="0" fail="1" id="s1" name="Suites">Suites</stat>
<stat pass="0" fail="1" id="s1-s1" name="SAP">Suites.SAP</stat>
</suite>
</statistics>
<errors>
</errors>
</robot>
