<?xml version="1.0" encoding="UTF-8"?>
<robot generator="Robot 3.2.2 (Python 3.9.0 on win32)" generated="20201217 08:25:49.603" rpa="false">
<suite id="s1" name="Suites">
<suite id="s1-s1" name="AMS" source="C:\Users\225027\PycharmProjects\pythonProject\TestCases\AMS.robot">
<test id="s1-s1-t1" name="ArticleManagementSystem">
<kw name="Open Browser" library="SeleniumLibrary">
<doc>Opens a new browser instance to the optional ``url``.</doc>
<arguments>
<arg>${url1}</arg>
<arg>${browser}</arg>
</arguments>
<msg timestamp="20201217 08:25:49.829" level="INFO">Opening browser 'chrome' to base url 'https://ams.jdg.co.za/SignIn.aspx?'.</msg>
<status status="PASS" starttime="20201217 08:25:49.829" endtime="20201217 08:25:54.647"></status>
</kw>
<kw name="Maximize Browser Window" library="SeleniumLibrary">
<doc>Maximizes current browser window.</doc>
<status status="PASS" starttime="20201217 08:25:54.647" endtime="20201217 08:25:56.811"></status>
</kw>
<kw name="Input Text" library="SeleniumLibrary">
<doc>Types the given ``text`` into the text field identified by ``locator``.</doc>
<arguments>
<arg>id:ContentPlaceHolder1_txtsAmaccountnumber</arg>
<arg>209629</arg>
</arguments>
<msg timestamp="20201217 08:25:56.813" level="INFO">Typing text '209629' into text field 'id:ContentPlaceHolder1_txtsAmaccountnumber'.</msg>
<status status="PASS" starttime="20201217 08:25:56.812" endtime="20201217 08:25:57.017"></status>
</kw>
<kw name="Input Text" library="SeleniumLibrary">
<doc>Types the given ``text`` into the text field identified by ``locator``.</doc>
<arguments>
<arg>id:ContentPlaceHolder1_pwdPassword</arg>
<arg>`159753*</arg>
</arguments>
<msg timestamp="20201217 08:25:57.017" level="INFO">Typing text '`159753*' into text field 'id:ContentPlaceHolder1_pwdPassword'.</msg>
<status status="PASS" starttime="20201217 08:25:57.017" endtime="20201217 08:25:57.126"></status>
</kw>
<kw name="Click Element" library="SeleniumLibrary">
<doc>Click the element identified by ``locator``.</doc>
<arguments>
<arg>id:ContentPlaceHolder1_btnSignIn</arg>
</arguments>
<msg timestamp="20201217 08:25:57.126" level="INFO">Clicking element 'id:ContentPlaceHolder1_btnSignIn'.</msg>
<status status="PASS" starttime="20201217 08:25:57.126" endtime="20201217 08:26:02.302"></status>
</kw>
<kw name="Title Should Be" library="SeleniumLibrary">
<doc>Verifies that the current page title equals ``title``.</doc>
<arguments>
<arg>Article Management System</arg>
</arguments>
<msg timestamp="20201217 08:26:02.310" level="INFO">Page title is 'Article Management System'.</msg>
<status status="PASS" starttime="20201217 08:26:02.303" endtime="20201217 08:26:02.310"></status>
</kw>
<status status="PASS" starttime="20201217 08:25:49.829" endtime="20201217 08:26:02.310" critical="yes"></status>
</test>
<test id="s1-s1-t2" name="PriceTicket">
<kw name="Click Element" library="SeleniumLibrary">
<doc>Click the element identified by ``locator``.</doc>
<arguments>
<arg>id:ContentPlaceHolder1_lbtnPT</arg>
</arguments>
<msg timestamp="20201217 08:26:02.311" level="INFO">Clicking element 'id:ContentPlaceHolder1_lbtnPT'.</msg>
<status status="PASS" starttime="20201217 08:26:02.311" endtime="20201217 08:26:02.349"></status>
</kw>
<kw name="Element Text Should Be" library="SeleniumLibrary">
<doc>Verifies that element ``locator`` contains exact the text ``expected``.</doc>
<arguments>
<arg>xpath://a[normalize-space()='Price Ticket Generator']</arg>
<arg>Price Ticket Generator</arg>
</arguments>
<msg timestamp="20201217 08:26:02.349" level="INFO">Verifying element 'xpath://a[normalize-space()='Price Ticket Generator']' contains exact text 'Price Ticket Generator'.</msg>
<status status="PASS" starttime="20201217 08:26:02.349" endtime="20201217 08:26:02.541"></status>
</kw>
<kw name="Get Text" library="SeleniumLibrary">
<doc>Returns the text value of the element identified by ``locator``.</doc>
<arguments>
<arg>xpath://a[normalize-space()='Price Ticket Generator']</arg>
</arguments>
<status status="PASS" starttime="20201217 08:26:02.541" endtime="20201217 08:26:02.551"></status>
</kw>
<kw name="Log To Console" library="BuiltIn">
<doc>Logs the given message to the console.</doc>
<arguments>
<arg>xpath://a[normalize-space()='Price Ticket Generator']</arg>
</arguments>
<status status="PASS" starttime="20201217 08:26:02.551" endtime="20201217 08:26:02.552"></status>
</kw>
<kw name="Select From List By Value" library="SeleniumLibrary">
<doc>Selects options from selection list ``locator`` by ``values``.</doc>
<arguments>
<arg>ddlCluster</arg>
<arg>Hi-Fi Corp</arg>
</arguments>
<msg timestamp="20201217 08:26:02.552" level="INFO">Selecting options from selection list 'ddlCluster' by value Hi-Fi Corp.</msg>
<status status="PASS" starttime="20201217 08:26:02.552" endtime="20201217 08:26:02.613"></status>
</kw>
<kw name="Sleep" library="BuiltIn">
<doc>Pauses the test executed for the given time.</doc>
<arguments>
<arg>3sec</arg>
</arguments>
<msg timestamp="20201217 08:26:05.625" level="INFO">Slept 3 seconds</msg>
<status status="PASS" starttime="20201217 08:26:02.613" endtime="20201217 08:26:05.625"></status>
</kw>
<kw name="Select From List By Label" library="SeleniumLibrary">
<doc>Selects options from selection list ``locator`` by ``labels``.</doc>
<arguments>
<arg>ddlSection</arg>
<arg>South Africa</arg>
</arguments>
<msg timestamp="20201217 08:26:05.626" level="INFO">Selecting options from selection list 'ddlSection' by label South Africa.</msg>
<status status="PASS" starttime="20201217 08:26:05.625" endtime="20201217 08:26:05.695"></status>
</kw>
<kw name="Sleep" library="BuiltIn">
<doc>Pauses the test executed for the given time.</doc>
<arguments>
<arg>3sec</arg>
</arguments>
<msg timestamp="20201217 08:26:08.709" level="INFO">Slept 3 seconds</msg>
<status status="PASS" starttime="20201217 08:26:05.695" endtime="20201217 08:26:08.709"></status>
</kw>
<kw name="Select From List By Label" library="SeleniumLibrary">
<doc>Selects options from selection list ``locator`` by ``labels``.</doc>
<arguments>
<arg>ddlPriceTicketType</arg>
<arg>Everyday 1</arg>
</arguments>
<msg timestamp="20201217 08:26:08.710" level="INFO">Selecting options from selection list 'ddlPriceTicketType' by label Everyday 1.</msg>
<status status="PASS" starttime="20201217 08:26:08.709" endtime="20201217 08:26:08.791"></status>
</kw>
<kw name="Sleep" library="BuiltIn">
<doc>Pauses the test executed for the given time.</doc>
<arguments>
<arg>3sec</arg>
</arguments>
<msg timestamp="20201217 08:26:11.804" level="INFO">Slept 3 seconds</msg>
<status status="PASS" starttime="20201217 08:26:08.793" endtime="20201217 08:26:11.804"></status>
</kw>
<kw name="Select Checkbox" library="SeleniumLibrary">
<doc>Selects the checkbox identified by ``locator``.</doc>
<arguments>
<arg>id:ContentPlaceHolder1_cbxIsPromo</arg>
</arguments>
<msg timestamp="20201217 08:26:11.805" level="INFO">Selecting checkbox 'id:ContentPlaceHolder1_cbxIsPromo'.</msg>
<status status="PASS" starttime="20201217 08:26:11.804" endtime="20201217 08:26:11.905"></status>
</kw>
<kw name="Sleep" library="BuiltIn">
<doc>Pauses the test executed for the given time.</doc>
<arguments>
<arg>3sec</arg>
</arguments>
<msg timestamp="20201217 08:26:14.910" level="INFO">Slept 3 seconds</msg>
<status status="PASS" starttime="20201217 08:26:11.906" endtime="20201217 08:26:14.910"></status>
</kw>
<kw name="Input Text" library="SeleniumLibrary">
<doc>Types the given ``text`` into the text field identified by ``locator``.</doc>
<arguments>
<arg>id:txtArticleNumber</arg>
<arg>10068992</arg>
</arguments>
<msg timestamp="20201217 08:26:14.911" level="INFO">Typing text '10068992' into text field 'id:txtArticleNumber'.</msg>
<status status="PASS" starttime="20201217 08:26:14.910" endtime="20201217 08:26:15.001"></status>
</kw>
<kw name="Click Button" library="SeleniumLibrary">
<doc>Clicks the button identified by ``locator``.</doc>
<arguments>
<arg>id:btnSearch</arg>
</arguments>
<msg timestamp="20201217 08:26:15.001" level="INFO">Clicking button 'id:btnSearch'.</msg>
<status status="PASS" starttime="20201217 08:26:15.001" endtime="20201217 08:26:15.064"></status>
</kw>
<kw name="Sleep" library="BuiltIn">
<doc>Pauses the test executed for the given time.</doc>
<arguments>
<arg>3sec</arg>
</arguments>
<msg timestamp="20201217 08:26:18.079" level="INFO">Slept 3 seconds</msg>
<status status="PASS" starttime="20201217 08:26:15.064" endtime="20201217 08:26:18.079"></status>
</kw>
<kw name="Click Button" library="SeleniumLibrary">
<doc>Clicks the button identified by ``locator``.</doc>
<arguments>
<arg>id:ContentPlaceHolder1_grdResults_btnAdd_0</arg>
</arguments>
<msg timestamp="20201217 08:26:18.080" level="INFO">Clicking button 'id:ContentPlaceHolder1_grdResults_btnAdd_0'.</msg>
<status status="PASS" starttime="20201217 08:26:18.080" endtime="20201217 08:26:18.144"></status>
</kw>
<kw name="Sleep" library="BuiltIn">
<doc>Pauses the test executed for the given time.</doc>
<arguments>
<arg>3sec</arg>
</arguments>
<msg timestamp="20201217 08:26:21.146" level="INFO">Slept 3 seconds</msg>
<status status="PASS" starttime="20201217 08:26:18.144" endtime="20201217 08:26:21.146"></status>
</kw>
<kw name="Element Should Be Visible" library="SeleniumLibrary">
<doc>Verifies that the element identified by ``locator`` is visible.</doc>
<arguments>
<arg>xpath://table[@id='ContentPlaceHolder1_grdSelectedItems']//td[2]</arg>
</arguments>
<msg timestamp="20201217 08:26:21.178" level="INFO">Element 'xpath://table[@id='ContentPlaceHolder1_grdSelectedItems']//td[2]' is displayed.</msg>
<status status="PASS" starttime="20201217 08:26:21.146" endtime="20201217 08:26:21.178"></status>
</kw>
<kw name="Log To Console" library="BuiltIn">
<doc>Logs the given message to the console.</doc>
<arguments>
<arg>xpath://table[@id='ContentPlaceHolder1_grdSelectedItems']//td[2]</arg>
</arguments>
<status status="PASS" starttime="20201217 08:26:21.178" endtime="20201217 08:26:21.178"></status>
</kw>
<kw name="Close All Browsers" library="SeleniumLibrary">
<doc>Closes all open browsers and resets the browser cache.</doc>
<status status="PASS" starttime="20201217 08:26:21.178" endtime="20201217 08:26:24.818"></status>
</kw>
<status status="PASS" starttime="20201217 08:26:02.310" endtime="20201217 08:26:24.818" critical="yes"></status>
</test>
<status status="PASS" starttime="20201217 08:25:49.639" endtime="20201217 08:26:24.818"></status>
</suite>
<status status="PASS" starttime="20201217 08:25:49.603" endtime="20201217 08:26:24.818"></status>
</suite>
<statistics>
<total>
<stat pass="2" fail="0">Critical Tests</stat>
<stat pass="2" fail="0">All Tests</stat>
</total>
<tag>
</tag>
<suite>
<stat pass="2" fail="0" id="s1" name="Suites">Suites</stat>
<stat pass="2" fail="0" id="s1-s1" name="AMS">Suites.AMS</stat>
</suite>
</statistics>
<errors>
</errors>
</robot>
